(p36-default)➜  FastPam git:(master) ✗ p run_profiles.py -e rna_exps.py -f -p
Running exp: profiles/ucb-True-B-v-0-k-3-N-300-s-42-d-SCRNAPCA-m-L2-w-
Computed exactly for: 176.0
Computed exactly for: 114.0
Computed exactly for: 1.0
Built medoids [273, 239, 287]
Running exp: profiles/ucb-True-B-v-0-k-3-N-1000-s-42-d-SCRNAPCA-m-L2-w-
Computed exactly for: 328.0
Computed exactly for: 747.0
Computed exactly for: 1000.0
Built medoids [920, 471, 886]
Running exp: profiles/ucb-True-B-v-0-k-3-N-3000-s-42-d-SCRNAPCA-m-L2-w-
Computed exactly for: 431.0
Computed exactly for: 1244.0
Computed exactly for: 1444.0
Built medoids [1274, 471, 1659]
Running exp: profiles/ucb-True-B-v-0-k-3-N-10000-s-42-d-SCRNAPCA-m-L2-w-
Computed exactly for: 539.0
Computed exactly for: 1381.0
Computed exactly for: 2492.0
Built medoids [6928, 471, 7526]
Running exp: profiles/ucb-True-B-v-0-k-3-N-30000-s-42-d-SCRNAPCA-m-L2-w-
Computed exactly for: 340.0
Computed exactly for: 2442.0
Computed exactly for: 6006.0
Built medoids [10533, 25070, 24856]
Running exp: profiles/naive_v1-True-B-v-0-k-3-N-300-s-42-d-SCRNAPCA-m-L2-w-
Built medoids [207, 287, 160]
Running exp: profiles/naive_v1-True-B-v-0-k-3-N-1000-s-42-d-SCRNAPCA-m-L2-w-
Built medoids [920, 471, 886]
Running exp: profiles/naive_v1-True-B-v-0-k-3-N-3000-s-42-d-SCRNAPCA-m-L2-w-
Built medoids [1274, 471, 1659]
Running exp: profiles/naive_v1-True-B-v-0-k-3-N-10000-s-42-d-SCRNAPCA-m-L2-w-
Built medoids [6928, 471, 7526]
Running exp: profiles/ucb-True-BS-v-0-k-3-N-1000-s-42-d-SCRNAPCA-m-L2-w-
Computed exactly for: 328.0
Computed exactly for: 747.0
Computed exactly for: 1000.0
Built medoids [920, 471, 886]
Computed exactly for: 2414.0
Computed exactly for: 2040.0
Computed exactly for: 2126.0
Final medoids [886, 218, 455]
Running exp: profiles/ucb-True-BS-v-0-k-3-N-3000-s-42-d-SCRNAPCA-m-L2-w-
Computed exactly for: 431.0
Computed exactly for: 1244.0
Computed exactly for: 1444.0
Built medoids [1274, 471, 1659]
Computed exactly for: 4008.0
Computed exactly for: 4090.0
Computed exactly for: 4090.0
Computed exactly for: 4029.0
Final medoids [95, 239, 2589]
Running exp: profiles/ucb-True-BS-v-0-k-3-N-10000-s-42-d-SCRNAPCA-m-L2-w-
Computed exactly for: 539.0
Computed exactly for: 1381.0
Computed exactly for: 2492.0
Built medoids [6928, 471, 7526]
Computed exactly for: 6363.0
Computed exactly for: 5390.0
Computed exactly for: 6239.0
Final medoids [7526, 5610, 3002]
Running exp: profiles/naive_v1-True-BS-v-0-k-3-N-300-s-42-d-SCRNAPCA-m-L2-w-
Built medoids [207, 287, 160]
Final medoids [287, 106, 175]
Running exp: profiles/naive_v1-True-BS-v-0-k-3-N-1000-s-42-d-SCRNAPCA-m-L2-w-
Built medoids [920, 471, 886]
Final medoids [886, 218, 455]
Running exp: profiles/naive_v1-True-BS-v-0-k-3-N-3000-s-42-d-SCRNAPCA-m-L2-w-
Built medoids [1274, 471, 1659]
Final medoids [95, 239, 2589]
Running exp: profiles/naive_v1-True-BS-v-0-k-3-N-10000-s-42-d-SCRNAPCA-m-L2-w-
Built medoids [6928, 471, 7526]
Final medoids [7526, 5610, 3002]
