SLURM_JOBID=1505635
SLURM_JOB_NODELIST=scq2
SLURM_NNODES=1
SLURMTMPDIR=
working directory = /sailhome/motiwari/FastPAM
Running exp: profiles/p-B-ucb-True-BS-v-0-k-3-N-1000-s-42-d-HOC4-m-TREE-w- profiles/p-S-ucb-True-BS-v-0-k-3-N-1000-s-42-d-HOC4-m-TREE-w-
Running exp: profiles/p-B-ucb-True-BS-v-0-k-3-N-2000-s-42-d-HOC4-m-TREE-w- profiles/p-S-ucb-True-BS-v-0-k-3-N-2000-s-42-d-HOC4-m-TREE-w-
Running exp: profiles/p-B-ucb-True-BS-v-0-k-3-N-3000-s-42-d-HOC4-m-TREE-w- profiles/p-S-ucb-True-BS-v-0-k-3-N-3000-s-42-d-HOC4-m-TREE-w-
Running exp: profiles/p-B-ucb-True-BS-v-0-k-3-N-3630-s-42-d-HOC4-m-TREE-w- profiles/p-S-ucb-True-BS-v-0-k-3-N-3630-s-42-d-HOC4-m-TREE-w-
Running exp: profiles/p-B-ucb-True-BS-v-0-k-3-N-1000-s-43-d-HOC4-m-TREE-w- profiles/p-S-ucb-True-BS-v-0-k-3-N-1000-s-43-d-HOC4-m-TREE-w-
Running exp: profiles/p-B-ucb-True-BS-v-0-k-3-N-2000-s-43-d-HOC4-m-TREE-w- profiles/p-S-ucb-True-BS-v-0-k-3-N-2000-s-43-d-HOC4-m-TREE-w-
Running exp: profiles/p-B-ucb-True-BS-v-0-k-3-N-3000-s-43-d-HOC4-m-TREE-w- profiles/p-S-ucb-True-BS-v-0-k-3-N-3000-s-43-d-HOC4-m-TREE-w-
Running exp: profiles/p-B-ucb-True-BS-v-0-k-3-N-3630-s-43-d-HOC4-m-TREE-w- profiles/p-S-ucb-True-BS-v-0-k-3-N-3630-s-43-d-HOC4-m-TREE-w-
Running exp: profiles/p-B-ucb-True-BS-v-0-k-3-N-1000-s-44-d-HOC4-m-TREE-w- profiles/p-S-ucb-True-BS-v-0-k-3-N-1000-s-44-d-HOC4-m-TREE-w-
Running exp: profiles/p-B-ucb-True-BS-v-0-k-3-N-2000-s-44-d-HOC4-m-TREE-w- profiles/p-S-ucb-True-BS-v-0-k-3-N-2000-s-44-d-HOC4-m-TREE-w-
Running exp: profiles/p-B-ucb-True-BS-v-0-k-3-N-3000-s-44-d-HOC4-m-TREE-w- profiles/p-S-ucb-True-BS-v-0-k-3-N-3000-s-44-d-HOC4-m-TREE-w-
Running exp: profiles/p-B-ucb-True-BS-v-0-k-3-N-3630-s-44-d-HOC4-m-TREE-w- profiles/p-S-ucb-True-BS-v-0-k-3-N-3630-s-44-d-HOC4-m-TREE-w-
Running exp: profiles/p-B-ucb-True-BS-v-0-k-3-N-1000-s-45-d-HOC4-m-TREE-w- profiles/p-S-ucb-True-BS-v-0-k-3-N-1000-s-45-d-HOC4-m-TREE-w-
Running exp: profiles/p-B-ucb-True-BS-v-0-k-3-N-2000-s-45-d-HOC4-m-TREE-w- profiles/p-S-ucb-True-BS-v-0-k-3-N-2000-s-45-d-HOC4-m-TREE-w-
Running exp: profiles/p-B-ucb-True-BS-v-0-k-3-N-3000-s-45-d-HOC4-m-TREE-w- profiles/p-S-ucb-True-BS-v-0-k-3-N-3000-s-45-d-HOC4-m-TREE-w-
Running exp: profiles/p-B-ucb-True-BS-v-0-k-3-N-3630-s-45-d-HOC4-m-TREE-w- profiles/p-S-ucb-True-BS-v-0-k-3-N-3630-s-45-d-HOC4-m-TREE-w-
Running exp: profiles/p-B-ucb-True-BS-v-0-k-3-N-1000-s-46-d-HOC4-m-TREE-w- profiles/p-S-ucb-True-BS-v-0-k-3-N-1000-s-46-d-HOC4-m-TREE-w-
Running exp: profiles/p-B-ucb-True-BS-v-0-k-3-N-2000-s-46-d-HOC4-m-TREE-w- profiles/p-S-ucb-True-BS-v-0-k-3-N-2000-s-46-d-HOC4-m-TREE-w-
Running exp: profiles/p-B-ucb-True-BS-v-0-k-3-N-3000-s-46-d-HOC4-m-TREE-w- profiles/p-S-ucb-True-BS-v-0-k-3-N-3000-s-46-d-HOC4-m-TREE-w-
Running exp: profiles/p-B-ucb-True-BS-v-0-k-3-N-3630-s-46-d-HOC4-m-TREE-w- profiles/p-S-ucb-True-BS-v-0-k-3-N-3630-s-46-d-HOC4-m-TREE-w-
Running exp: profiles/p-B-ucb-True-BS-v-0-k-3-N-1000-s-47-d-HOC4-m-TREE-w- profiles/p-S-ucb-True-BS-v-0-k-3-N-1000-s-47-d-HOC4-m-TREE-w-
Running exp: profiles/p-B-ucb-True-BS-v-0-k-3-N-2000-s-47-d-HOC4-m-TREE-w- profiles/p-S-ucb-True-BS-v-0-k-3-N-2000-s-47-d-HOC4-m-TREE-w-
Running exp: profiles/p-B-ucb-True-BS-v-0-k-3-N-3000-s-47-d-HOC4-m-TREE-w- profiles/p-S-ucb-True-BS-v-0-k-3-N-3000-s-47-d-HOC4-m-TREE-w-
Running exp: profiles/p-B-ucb-True-BS-v-0-k-3-N-3630-s-47-d-HOC4-m-TREE-w- profiles/p-S-ucb-True-BS-v-0-k-3-N-3630-s-47-d-HOC4-m-TREE-w-
Running exp: profiles/p-B-ucb-True-BS-v-0-k-3-N-1000-s-48-d-HOC4-m-TREE-w- profiles/p-S-ucb-True-BS-v-0-k-3-N-1000-s-48-d-HOC4-m-TREE-w-
Running exp: profiles/p-B-ucb-True-BS-v-0-k-3-N-2000-s-48-d-HOC4-m-TREE-w- profiles/p-S-ucb-True-BS-v-0-k-3-N-2000-s-48-d-HOC4-m-TREE-w-
Running exp: profiles/p-B-ucb-True-BS-v-0-k-3-N-3000-s-48-d-HOC4-m-TREE-w- profiles/p-S-ucb-True-BS-v-0-k-3-N-3000-s-48-d-HOC4-m-TREE-w-
Running exp: profiles/p-B-ucb-True-BS-v-0-k-3-N-3630-s-48-d-HOC4-m-TREE-w- profiles/p-S-ucb-True-BS-v-0-k-3-N-3630-s-48-d-HOC4-m-TREE-w-
Running exp: profiles/p-B-ucb-True-BS-v-0-k-3-N-1000-s-49-d-HOC4-m-TREE-w- profiles/p-S-ucb-True-BS-v-0-k-3-N-1000-s-49-d-HOC4-m-TREE-w-
Running exp: profiles/p-B-ucb-True-BS-v-0-k-3-N-2000-s-49-d-HOC4-m-TREE-w- profiles/p-S-ucb-True-BS-v-0-k-3-N-2000-s-49-d-HOC4-m-TREE-w-
Running exp: profiles/p-B-ucb-True-BS-v-0-k-3-N-3000-s-49-d-HOC4-m-TREE-w- profiles/p-S-ucb-True-BS-v-0-k-3-N-3000-s-49-d-HOC4-m-TREE-w-
Running exp: profiles/p-B-ucb-True-BS-v-0-k-3-N-3630-s-49-d-HOC4-m-TREE-w- profiles/p-S-ucb-True-BS-v-0-k-3-N-3630-s-49-d-HOC4-m-TREE-w-
Running exp: profiles/p-B-ucb-True-BS-v-0-k-3-N-1000-s-50-d-HOC4-m-TREE-w- profiles/p-S-ucb-True-BS-v-0-k-3-N-1000-s-50-d-HOC4-m-TREE-w-
Running exp: profiles/p-B-ucb-True-BS-v-0-k-3-N-2000-s-50-d-HOC4-m-TREE-w- profiles/p-S-ucb-True-BS-v-0-k-3-N-2000-s-50-d-HOC4-m-TREE-w-
Running exp: profiles/p-B-ucb-True-BS-v-0-k-3-N-3000-s-50-d-HOC4-m-TREE-w- profiles/p-S-ucb-True-BS-v-0-k-3-N-3000-s-50-d-HOC4-m-TREE-w-
Running exp: profiles/p-B-ucb-True-BS-v-0-k-3-N-3630-s-50-d-HOC4-m-TREE-w- profiles/p-S-ucb-True-BS-v-0-k-3-N-3630-s-50-d-HOC4-m-TREE-w-
Running exp: profiles/p-B-ucb-True-BS-v-0-k-3-N-1000-s-51-d-HOC4-m-TREE-w- profiles/p-S-ucb-True-BS-v-0-k-3-N-1000-s-51-d-HOC4-m-TREE-w-
Running exp: profiles/p-B-ucb-True-BS-v-0-k-3-N-2000-s-51-d-HOC4-m-TREE-w- profiles/p-S-ucb-True-BS-v-0-k-3-N-2000-s-51-d-HOC4-m-TREE-w-
Running exp: profiles/p-B-ucb-True-BS-v-0-k-3-N-3000-s-51-d-HOC4-m-TREE-w- profiles/p-S-ucb-True-BS-v-0-k-3-N-3000-s-51-d-HOC4-m-TREE-w-
Running exp: profiles/p-B-ucb-True-BS-v-0-k-3-N-3630-s-51-d-HOC4-m-TREE-w- profiles/p-S-ucb-True-BS-v-0-k-3-N-3630-s-51-d-HOC4-m-TREE-w-
NUM TREES: 3630
NUM TREES: 3630
NUM TREES: 3630
NUM TREES: 3630
NUM TREES: 3630
NUM TREES: 3630
NUM TREES: 3630
NUM TREES: 3630
NUM TREES: 3630
NUM TREES: 3630
NUM TREES: 3630
NUM TREES: 3630
NUM TREES: 3630
NUM TREES: 3630
NUM TREES: 3630
NUM TREES: 3630
Computed exactly for: 454.0
Computed exactly for: 500.0
Computed exactly for: 539.0
Computed exactly for: 552.0
Computed exactly for: 408.0
Computed exactly for: 521.0
Computed exactly for: 517.0
Computed exactly for: 670.0
Computed exactly for: 485.0
Computed exactly for: 626.0
Computed exactly for: 593.0
Computed exactly for: 286.0
Computed exactly for: 701.0
Computed exactly for: 299.0
Built medoids [656, 519, 278]
NUM TREES: 3630
Swap init medoids: [656, 519, 278]
Computed exactly for: 348.0
Computed exactly for: 576.0
Built medoids [192, 63, 133]
NUM TREES: 3630
Swap init medoids: [192, 63, 133]
Computed exactly for: 495.0
Built medoids [12, 529, 681]
NUM TREES: 3630
Swap init medoids: [12, 529, 681]
Computed exactly for: 600.0
Built medoids [321, 144, 4]
NUM TREES: 3630
Swap init medoids: [321, 144, 4]
Computed exactly for: 276.0
Computed exactly for: 456.0
Computed exactly for: 543.0
Computed exactly for: 476.0
Final medoids [656, 519, 278]
NUM TREES: 3630
Computed exactly for: 351.0
Computed exactly for: 337.0
Computed exactly for: 374.0
Final medoids [12, 529, 681]
NUM TREES: 3630
Computed exactly for: 670.0
Computed exactly for: 360.0
Computed exactly for: 358.0
Computed exactly for: 798.0
Final medoids [321, 144, 4]
NUM TREES: 3630
Computed exactly for: 263.0
Computed exactly for: 371.0
Final medoids [63, 133, 50]
NUM TREES: 3630
Computed exactly for: 725.0
Computed exactly for: 647.0
Computed exactly for: 472.0
Computed exactly for: 719.0
Computed exactly for: 767.0
Computed exactly for: 147.0
Computed exactly for: 475.0
Built medoids [1933, 376, 1519]
NUM TREES: 3630
Swap init medoids: [1933, 376, 1519]
Computed exactly for: 530.0
Built medoids [301, 546, 844]
NUM TREES: 3630
Swap init medoids: [301, 546, 844]
Computed exactly for: 288.0
Built medoids [12, 1683, 1336]
NUM TREES: 3630
Swap init medoids: [12, 1683, 1336]
Computed exactly for: 363.0
Built medoids [192, 1359, 429]
NUM TREES: 3630
Swap init medoids: [192, 1359, 429]
Computed exactly for: 692.0
Computed exactly for: 276.0
Computed exactly for: 647.0
Computed exactly for: 355.0
Built medoids [847, 819, 1893]
NUM TREES: 3630
Swap init medoids: [847, 819, 1893]
Computed exactly for: 520.0
Computed exactly for: 515.0
Computed exactly for: 509.0
Computed exactly for: 376.0
Computed exactly for: 718.0
Computed exactly for: 241.0
Final medoids [844, 334, 853]
NUM TREES: 3630
slurmstepd: error: *** JOB 1505635 ON scq2 CANCELLED AT 2020-06-01T15:31:52 ***
